{
  "numFailedTestSuites": 0,
  "numFailedTests": 0,
  "numPassedTestSuites": 2,
  "numPassedTests": 4,
  "numPendingTestSuites": 0,
  "numPendingTests": 0,
  "numRuntimeErrorTestSuites": 0,
  "numTodoTests": 0,
  "numTotalTestSuites": 2,
  "numTotalTests": 4,
  "openHandles": [],
  "snapshot": {
    "added": 0,
    "didUpdate": false,
    "failure": false,
    "filesAdded": 0,
    "filesRemoved": 0,
    "filesRemovedList": [],
    "filesUnmatched": 0,
    "filesUpdated": 0,
    "matched": 0,
    "total": 0,
    "unchecked": 0,
    "uncheckedKeysByFile": [],
    "unmatched": 0,
    "updated": 0
  },
  "startTime": 1656513446445,
  "success": false,
  "testResults": [
    {
      "leaks": false,
      "numFailingTests": 0,
      "numPassingTests": 2,
      "numPendingTests": 0,
      "numTodoTests": 0,
      "openHandles": [],
      "perfStats": {
        "end": 1656513448310,
        "start": 1656513446903
      },
      "skipped": false,
      "snapshot": {
        "added": 0,
        "fileDeleted": false,
        "matched": 0,
        "unchecked": 0,
        "unmatched": 0,
        "updated": 0,
        "uncheckedKeys": []
      },
      "testFilePath": "/Users/safe/Desktop/lib-api-try/__test__/putAndDelete.test.js",
      "testResults": [
        {
          "ancestorTitles": [
            "PUT book details"
          ],
          "duration": 529,
          "failureMessages": [],
          "fullName": "PUT book details Update book now",
          "location": null,
          "numPassingAsserts": 0,
          "status": "passed",
          "title": "Update book now"
        },
        {
          "ancestorTitles": [
            "DELETE book details"
          ],
          "duration": 385,
          "failureMessages": [],
          "fullName": "DELETE book details Delete request",
          "location": null,
          "numPassingAsserts": 0,
          "status": "passed",
          "title": "Delete request"
        }
      ],
      "failureMessage": null
    },
    {
      "leaks": false,
      "numFailingTests": 0,
      "numPassingTests": 2,
      "numPendingTests": 0,
      "numTodoTests": 0,
      "openHandles": [],
      "perfStats": {
        "end": 1656513449274,
        "start": 1656513448341
      },
      "skipped": false,
      "snapshot": {
        "added": 0,
        "fileDeleted": false,
        "matched": 0,
        "unchecked": 0,
        "unmatched": 0,
        "updated": 0,
        "uncheckedKeys": []
      },
      "testFilePath": "/Users/safe/Desktop/lib-api-try/__test__/postAndGet.test.js",
      "testResults": [
        {
          "ancestorTitles": [
            "POST request"
          ],
          "duration": 380,
          "failureMessages": [],
          "fullName": "POST request Create book data",
          "location": null,
          "numPassingAsserts": 0,
          "status": "passed",
          "title": "Create book data"
        },
        {
          "ancestorTitles": [
            "GET all book details"
          ],
          "duration": 375,
          "failureMessages": [],
          "fullName": "GET all book details GET book output",
          "location": null,
          "numPassingAsserts": 0,
          "status": "passed",
          "title": "GET book output"
        }
      ],
      "failureMessage": null
    }
  ],
  "wasInterrupted": false,
  "coverageMap": {
    "/Users/safe/Desktop/lib-api-try/commonTests.js": {
      "path": "/Users/safe/Desktop/lib-api-try/commonTests.js",
      "statementMap": {
        "0": {
          "start": {
            "line": 1,
            "column": 16
          },
          "end": {
            "line": 1,
            "column": 36
          }
        },
        "1": {
          "start": {
            "line": 2,
            "column": 16
          },
          "end": {
            "line": 2,
            "column": 47
          }
        },
        "2": {
          "start": {
            "line": 14,
            "column": 0
          },
          "end": {
            "line": 18,
            "column": 1
          }
        }
      },
      "fnMap": {},
      "branchMap": {},
      "s": {
        "0": 2,
        "1": 2,
        "2": 2
      },
      "f": {},
      "b": {},
      "_coverageSchema": "1a1c01bbd47fc00a2c39e90264f33305004495a9",
      "hash": "64ded340b06fc99b7bbd4c264788d0f39b5dc68f"
    }
  }
}