<?xml version="1.0" encoding="UTF-8"?>
<coverage generated="1656338827915" clover="3.2.0">
  <project timestamp="1656338827915" name="All files">
    <metrics statements="3" coveredstatements="3" conditionals="0" coveredconditionals="0" methods="0" coveredmethods="0" elements="3" coveredelements="3" complexity="0" loc="3" ncloc="3" packages="1" files="1" classes="1"/>
    <file name="commonTests.js" path="/Users/safe/Desktop/lib-api/commonTests.js">
      <metrics statements="3" coveredstatements="3" conditionals="0" coveredconditionals="0" methods="0" coveredmethods="0"/>
      <line num="1" count="2" type="stmt"/>
      <line num="2" count="2" type="stmt"/>
      <line num="14" count="2" type="stmt"/>
    </file>
  </project>
</coverage>
