{"/Users/safe/Desktop/lib-api-try/commonTests.js": {"path":"/Users/safe/Desktop/lib-api-try/commonTests.js","statementMap":{"0":{"start":{"line":1,"column":16},"end":{"line":1,"column":36}},"1":{"start":{"line":2,"column":16},"end":{"line":2,"column":47}},"2":{"start":{"line":14,"column":0},"end":{"line":18,"column":1}}},"fnMap":{},"branchMap":{},"s":{"0":2,"1":2,"2":2},"f":{},"b":{},"_coverageSchema":"1a1c01bbd47fc00a2c39e90264f33305004495a9","hash":"64ded340b06fc99b7bbd4c264788d0f39b5dc68f"}
}
